<?xml version="1.0" encoding="UTF-8"?>
<testsuite xmlns:xsi="http://www.w3.org/2001/XMLSchema-instance" xsi:noNamespaceSchemaLocation="https://maven.apache.org/surefire/maven-surefire-plugin/xsd/surefire-test-report.xsd" name="TestSuite" time="84.684" tests="1" errors="0" skipped="0" failures="0">
  <properties>
    <property name="sun.desktop" value="windows"/>
    <property name="awt.toolkit" value="sun.awt.windows.WToolkit"/>
    <property name="file.encoding.pkg" value="sun.io"/>
    <property name="java.specification.version" value="1.8"/>
    <property name="sun.cpu.isalist" value="amd64"/>
    <property name="sun.jnu.encoding" value="Cp1252"/>
    <property name="java.class.path" value="F:\19june\workspace\MavenProject\target\test-classes;F:\19june\workspace\MavenProject\target\classes;C:\Users\vvdn\.m2\repository\org\seleniumhq\selenium\selenium-java\3.6.0\selenium-java-3.6.0.jar;C:\Users\vvdn\.m2\repository\org\seleniumhq\selenium\selenium-api\3.6.0\selenium-api-3.6.0.jar;C:\Users\vvdn\.m2\repository\org\seleniumhq\selenium\selenium-chrome-driver\3.6.0\selenium-chrome-driver-3.6.0.jar;C:\Users\vvdn\.m2\repository\org\seleniumhq\selenium\selenium-edge-driver\3.6.0\selenium-edge-driver-3.6.0.jar;C:\Users\vvdn\.m2\repository\org\seleniumhq\selenium\selenium-ie-driver\3.6.0\selenium-ie-driver-3.6.0.jar;C:\Users\vvdn\.m2\repository\org\seleniumhq\selenium\selenium-opera-driver\3.6.0\selenium-opera-driver-3.6.0.jar;C:\Users\vvdn\.m2\repository\org\seleniumhq\selenium\selenium-remote-driver\3.6.0\selenium-remote-driver-3.6.0.jar;C:\Users\vvdn\.m2\repository\org\seleniumhq\selenium\selenium-safari-driver\3.6.0\selenium-safari-driver-3.6.0.jar;C:\Users\vvdn\.m2\repository\org\seleniumhq\selenium\selenium-support\3.6.0\selenium-support-3.6.0.jar;C:\Users\vvdn\.m2\repository\net\bytebuddy\byte-buddy\1.7.5\byte-buddy-1.7.5.jar;C:\Users\vvdn\.m2\repository\org\apache\commons\commons-exec\1.3\commons-exec-1.3.jar;C:\Users\vvdn\.m2\repository\commons-codec\commons-codec\1.10\commons-codec-1.10.jar;C:\Users\vvdn\.m2\repository\commons-logging\commons-logging\1.2\commons-logging-1.2.jar;C:\Users\vvdn\.m2\repository\com\google\code\gson\gson\2.8.0\gson-2.8.0.jar;C:\Users\vvdn\.m2\repository\com\google\guava\guava\23.0\guava-23.0.jar;C:\Users\vvdn\.m2\repository\com\google\code\findbugs\jsr305\1.3.9\jsr305-1.3.9.jar;C:\Users\vvdn\.m2\repository\com\google\errorprone\error_prone_annotations\2.0.18\error_prone_annotations-2.0.18.jar;C:\Users\vvdn\.m2\repository\com\google\j2objc\j2objc-annotations\1.1\j2objc-annotations-1.1.jar;C:\Users\vvdn\.m2\repository\org\codehaus\mojo\animal-sniffer-annotations\1.14\animal-sniffer-annotations-1.14.jar;C:\Users\vvdn\.m2\repository\org\apache\httpcomponents\httpclient\4.5.3\httpclient-4.5.3.jar;C:\Users\vvdn\.m2\repository\org\apache\httpcomponents\httpcore\4.4.6\httpcore-4.4.6.jar;C:\Users\vvdn\.m2\repository\net\java\dev\jna\jna\4.1.0\jna-4.1.0.jar;C:\Users\vvdn\.m2\repository\net\java\dev\jna\jna-platform\4.1.0\jna-platform-4.1.0.jar;C:\Users\vvdn\.m2\repository\org\seleniumhq\selenium\selenium-firefox-driver\3.6.0\selenium-firefox-driver-3.6.0.jar;C:\Users\vvdn\.m2\repository\org\testng\testng\6.9.10\testng-6.9.10.jar;C:\Users\vvdn\.m2\repository\com\beust\jcommander\1.48\jcommander-1.48.jar;C:\Users\vvdn\.m2\repository\org\beanshell\bsh\2.0b4\bsh-2.0b4.jar;C:\Users\vvdn\.m2\repository\com\aventstack\extentreports\3.0.6\extentreports-3.0.6.jar;C:\Users\vvdn\.m2\repository\org\freemarker\freemarker\2.3.23\freemarker-2.3.23.jar;C:\Users\vvdn\.m2\repository\org\mongodb\mongodb-driver\3.3.0\mongodb-driver-3.3.0.jar;C:\Users\vvdn\.m2\repository\org\mongodb\bson\3.3.0\bson-3.3.0.jar;C:\Users\vvdn\.m2\repository\org\mongodb\mongodb-driver-core\3.3.0\mongodb-driver-core-3.3.0.jar;C:\Users\vvdn\.m2\repository\org\apache\httpcomponents\httpmime\4.5.2\httpmime-4.5.2.jar;C:\Users\vvdn\.m2\repository\org\jsoup\jsoup\1.9.2\jsoup-1.9.2.jar;C:\Users\vvdn\.m2\repository\org\apache\maven\surefire\surefire-testng-utils\2.22.0\surefire-testng-utils-2.22.0.jar;C:\Users\vvdn\.m2\repository\org\apache\maven\surefire\surefire-grouper\2.22.0\surefire-grouper-2.22.0.jar;"/>
    <property name="java.vm.vendor" value="Oracle Corporation"/>
    <property name="sun.arch.data.model" value="64"/>
    <property name="user.variant" value=""/>
    <property name="java.vendor.url" value="http://java.oracle.com/"/>
    <property name="user.timezone" value="Asia/Calcutta"/>
    <property name="java.vm.specification.version" value="1.8"/>
    <property name="os.name" value="Windows 10"/>
    <property name="user.country" value="US"/>
    <property name="sun.java.launcher" value="SUN_STANDARD"/>
    <property name="sun.boot.library.path" value="C:\Program Files\Java\jre1.8.0_131\bin"/>
    <property name="sun.java.command" value="C:\Users\vvdn\AppData\Local\Temp\surefire537681717499834548\surefirebooter1085182546646846622.jar C:\Users\vvdn\AppData\Local\Temp\surefire537681717499834548 2019-07-10T21-49-32_521-jvmRun1 surefire8126014839418597365tmp surefire_01659094209518783488tmp"/>
    <property name="surefire.test.class.path" value="F:\19june\workspace\MavenProject\target\test-classes;F:\19june\workspace\MavenProject\target\classes;C:\Users\vvdn\.m2\repository\org\seleniumhq\selenium\selenium-java\3.6.0\selenium-java-3.6.0.jar;C:\Users\vvdn\.m2\repository\org\seleniumhq\selenium\selenium-api\3.6.0\selenium-api-3.6.0.jar;C:\Users\vvdn\.m2\repository\org\seleniumhq\selenium\selenium-chrome-driver\3.6.0\selenium-chrome-driver-3.6.0.jar;C:\Users\vvdn\.m2\repository\org\seleniumhq\selenium\selenium-edge-driver\3.6.0\selenium-edge-driver-3.6.0.jar;C:\Users\vvdn\.m2\repository\org\seleniumhq\selenium\selenium-ie-driver\3.6.0\selenium-ie-driver-3.6.0.jar;C:\Users\vvdn\.m2\repository\org\seleniumhq\selenium\selenium-opera-driver\3.6.0\selenium-opera-driver-3.6.0.jar;C:\Users\vvdn\.m2\repository\org\seleniumhq\selenium\selenium-remote-driver\3.6.0\selenium-remote-driver-3.6.0.jar;C:\Users\vvdn\.m2\repository\org\seleniumhq\selenium\selenium-safari-driver\3.6.0\selenium-safari-driver-3.6.0.jar;C:\Users\vvdn\.m2\repository\org\seleniumhq\selenium\selenium-support\3.6.0\selenium-support-3.6.0.jar;C:\Users\vvdn\.m2\repository\net\bytebuddy\byte-buddy\1.7.5\byte-buddy-1.7.5.jar;C:\Users\vvdn\.m2\repository\org\apache\commons\commons-exec\1.3\commons-exec-1.3.jar;C:\Users\vvdn\.m2\repository\commons-codec\commons-codec\1.10\commons-codec-1.10.jar;C:\Users\vvdn\.m2\repository\commons-logging\commons-logging\1.2\commons-logging-1.2.jar;C:\Users\vvdn\.m2\repository\com\google\code\gson\gson\2.8.0\gson-2.8.0.jar;C:\Users\vvdn\.m2\repository\com\google\guava\guava\23.0\guava-23.0.jar;C:\Users\vvdn\.m2\repository\com\google\code\findbugs\jsr305\1.3.9\jsr305-1.3.9.jar;C:\Users\vvdn\.m2\repository\com\google\errorprone\error_prone_annotations\2.0.18\error_prone_annotations-2.0.18.jar;C:\Users\vvdn\.m2\repository\com\google\j2objc\j2objc-annotations\1.1\j2objc-annotations-1.1.jar;C:\Users\vvdn\.m2\repository\org\codehaus\mojo\animal-sniffer-annotations\1.14\animal-sniffer-annotations-1.14.jar;C:\Users\vvdn\.m2\repository\org\apache\httpcomponents\httpclient\4.5.3\httpclient-4.5.3.jar;C:\Users\vvdn\.m2\repository\org\apache\httpcomponents\httpcore\4.4.6\httpcore-4.4.6.jar;C:\Users\vvdn\.m2\repository\net\java\dev\jna\jna\4.1.0\jna-4.1.0.jar;C:\Users\vvdn\.m2\repository\net\java\dev\jna\jna-platform\4.1.0\jna-platform-4.1.0.jar;C:\Users\vvdn\.m2\repository\org\seleniumhq\selenium\selenium-firefox-driver\3.6.0\selenium-firefox-driver-3.6.0.jar;C:\Users\vvdn\.m2\repository\org\testng\testng\6.9.10\testng-6.9.10.jar;C:\Users\vvdn\.m2\repository\com\beust\jcommander\1.48\jcommander-1.48.jar;C:\Users\vvdn\.m2\repository\org\beanshell\bsh\2.0b4\bsh-2.0b4.jar;C:\Users\vvdn\.m2\repository\com\aventstack\extentreports\3.0.6\extentreports-3.0.6.jar;C:\Users\vvdn\.m2\repository\org\freemarker\freemarker\2.3.23\freemarker-2.3.23.jar;C:\Users\vvdn\.m2\repository\org\mongodb\mongodb-driver\3.3.0\mongodb-driver-3.3.0.jar;C:\Users\vvdn\.m2\repository\org\mongodb\bson\3.3.0\bson-3.3.0.jar;C:\Users\vvdn\.m2\repository\org\mongodb\mongodb-driver-core\3.3.0\mongodb-driver-core-3.3.0.jar;C:\Users\vvdn\.m2\repository\org\apache\httpcomponents\httpmime\4.5.2\httpmime-4.5.2.jar;C:\Users\vvdn\.m2\repository\org\jsoup\jsoup\1.9.2\jsoup-1.9.2.jar;C:\Users\vvdn\.m2\repository\org\apache\maven\surefire\surefire-testng-utils\2.22.0\surefire-testng-utils-2.22.0.jar;C:\Users\vvdn\.m2\repository\org\apache\maven\surefire\surefire-grouper\2.22.0\surefire-grouper-2.22.0.jar;"/>
    <property name="sun.cpu.endian" value="little"/>
    <property name="user.home" value="C:\Users\vvdn"/>
    <property name="user.language" value="en"/>
    <property name="java.specification.vendor" value="Oracle Corporation"/>
    <property name="java.home" value="C:\Program Files\Java\jre1.8.0_131"/>
    <property name="basedir" value="F:\19june\workspace\MavenProject"/>
    <property name="file.separator" value="\"/>
    <property name="line.separator" value="&#10;"/>
    <property name="java.vm.specification.vendor" value="Oracle Corporation"/>
    <property name="java.specification.name" value="Java Platform API Specification"/>
    <property name="java.awt.graphicsenv" value="sun.awt.Win32GraphicsEnvironment"/>
    <property name="surefire.real.class.path" value="C:\Users\vvdn\AppData\Local\Temp\surefire537681717499834548\surefirebooter1085182546646846622.jar"/>
    <property name="sun.boot.class.path" value="C:\Program Files\Java\jre1.8.0_131\lib\resources.jar;C:\Program Files\Java\jre1.8.0_131\lib\rt.jar;C:\Program Files\Java\jre1.8.0_131\lib\sunrsasign.jar;C:\Program Files\Java\jre1.8.0_131\lib\jsse.jar;C:\Program Files\Java\jre1.8.0_131\lib\jce.jar;C:\Program Files\Java\jre1.8.0_131\lib\charsets.jar;C:\Program Files\Java\jre1.8.0_131\lib\jfr.jar;C:\Program Files\Java\jre1.8.0_131\classes"/>
    <property name="user.script" value=""/>
    <property name="sun.management.compiler" value="HotSpot 64-Bit Tiered Compilers"/>
    <property name="java.runtime.version" value="1.8.0_131-b11"/>
    <property name="user.name" value="vvdn"/>
    <property name="path.separator" value=";"/>
    <property name="os.version" value="10.0"/>
    <property name="java.endorsed.dirs" value="C:\Program Files\Java\jre1.8.0_131\lib\endorsed"/>
    <property name="java.runtime.name" value="Java(TM) SE Runtime Environment"/>
    <property name="file.encoding" value="Cp1252"/>
    <property name="java.vm.name" value="Java HotSpot(TM) 64-Bit Server VM"/>
    <property name="localRepository" value="C:\Users\vvdn\.m2\repository"/>
    <property name="java.vendor.url.bug" value="http://bugreport.sun.com/bugreport/"/>
    <property name="java.io.tmpdir" value="C:\Users\vvdn\AppData\Local\Temp\"/>
    <property name="java.version" value="1.8.0_131"/>
    <property name="user.dir" value="F:\19june\workspace\MavenProject"/>
    <property name="os.arch" value="amd64"/>
    <property name="java.vm.specification.name" value="Java Virtual Machine Specification"/>
    <property name="java.awt.printerjob" value="sun.awt.windows.WPrinterJob"/>
    <property name="sun.os.patch.level" value=""/>
    <property name="java.library.path" value="C:\Program Files\Java\jre1.8.0_131\bin;C:\WINDOWS\Sun\Java\bin;C:\WINDOWS\system32;C:\WINDOWS;C:/Program Files/Java/jre1.8.0_131/bin/server;C:/Program Files/Java/jre1.8.0_131/bin;C:/Program Files/Java/jre1.8.0_131/lib/amd64;C:\ProgramData\DockerDesktop\version-bin;C:\Program Files\Docker\Docker\Resources\bin;C:\ProgramData\Oracle\Java\javapath;C:\WINDOWS\system32;C:\WINDOWS;C:\WINDOWS\System32\Wbem;C:\WINDOWS\System32\WindowsPowerShell\v1.0\;C:\Program Files\nodejs\;C:\WINDOWS\System32\OpenSSH\;C:\Program Files\PuTTY\;C:\Program Files\TortoiseSVN\bin;C:\Users\vvdn\AppData\Local\Android\sdk\platform-tools;C:\\Users\\vvdn\\Desktop\\geckodriver.exe;C:\Program Files\Java\jdk1.8.0_131\bin;E:\apache-maven-3.6.1-bin\apache-maven-3.6.1\bin;C:\Users\vvdn\AppData\Roaming\npm;C:\Users\vvdn\AppData\Local\Microsoft\WindowsApps;C:\Users\vvdn\AppData\Local\GitHubDesktop\bin;F:\eclipse-java-neon-3-win32-x86_64\eclipse;;."/>
    <property name="java.vm.info" value="mixed mode"/>
    <property name="java.vendor" value="Oracle Corporation"/>
    <property name="java.vm.version" value="25.131-b11"/>
    <property name="java.ext.dirs" value="C:\Program Files\Java\jre1.8.0_131\lib\ext;C:\WINDOWS\Sun\Java\lib\ext"/>
    <property name="sun.io.unicode.encoding" value="UnicodeLittle"/>
    <property name="java.class.version" value="52.0"/>
  </properties>
  <testcase name="openMyBlog" classname="tests.NewTest" time="56.459"/>
</testsuite>