<?xml version="1.0" encoding="UTF-8"?>
<!-- Generated by org.testng.reporters.JUnitReportReporter -->
<testsuite hostname="DESKTOP-K429KMQ" name="tests.NewTest" tests="1" failures="0" timestamp="10 Jul 2019 09:47:02 GMT" time="2.723" errors="0">
  <testcase name="openMyBlog" time="2.723" classname="tests.NewTest"/>
</testsuite> <!-- tests.NewTest -->
