<?xml version="1.0" encoding="UTF-8"?>
<!-- Generated by org.testng.reporters.JUnitReportReporter -->
<testsuite hostname="DESKTOP-K429KMQ" name="tests.NewTest" tests="1" failures="0" timestamp="10 Jul 2019 16:17:33 GMT" time="36.443" errors="0">
  <testcase name="openMyBlog" time="36.443" classname="tests.NewTest"/>
</testsuite> <!-- tests.NewTest -->
