<?xml version="1.0" encoding="UTF-8"?>
<!-- Generated by org.testng.reporters.JUnitReportReporter -->
<testsuite hostname="DESKTOP-K429KMQ" name="tests.NewTest" tests="1" failures="0" timestamp="10 Jul 2019 17:06:03 GMT" time="62.779" errors="0">
  <testcase name="openMyBlog" time="62.779" classname="tests.NewTest"/>
</testsuite> <!-- tests.NewTest -->
